[debug] [2019-03-05T02:11:22.345Z] ----------------------------------------------------------------------
[debug] [2019-03-05T02:11:22.350Z] Command:       C:\Program Files\nodejs\node.exe C:\Users\livia\AppData\Roaming\npm\node_modules\firebase-tools\lib\bin\firebase.js serve
[debug] [2019-03-05T02:11:22.351Z] CLI Version:   6.4.0
[debug] [2019-03-05T02:11:22.351Z] Platform:      win32
[debug] [2019-03-05T02:11:22.351Z] Node Version:  v11.4.0
[debug] [2019-03-05T02:11:22.355Z] Time:          Mon Mar 04 2019 23:11:22 GMT-0300 (GMT-03:00)
[debug] [2019-03-05T02:11:22.355Z] ----------------------------------------------------------------------
[debug] 
[debug] [2019-03-05T02:11:22.403Z] > command requires scopes: ["email","openid","https://www.googleapis.com/auth/cloudplatformprojects.readonly","https://www.googleapis.com/auth/firebase","https://www.googleapis.com/auth/cloud-platform"]
[debug] [2019-03-05T02:11:22.405Z] > authorizing via signed-in user
[debug] [2019-03-05T02:11:22.405Z] [iam] checking project projetoteste-cd06d for permissions ["firebase.projects.get"]
[debug] [2019-03-05T02:11:22.410Z] > refreshing access token with scopes: ["email","https://www.googleapis.com/auth/cloud-platform","https://www.googleapis.com/auth/cloudplatformprojects.readonly","https://www.googleapis.com/auth/firebase","openid"]
[debug] [2019-03-05T02:11:22.411Z] >>> HTTP REQUEST POST https://www.googleapis.com/oauth2/v3/token  
 <request body omitted>
[debug] [2019-03-05T02:11:22.731Z] <<< HTTP RESPONSE 200
[debug] [2019-03-05T02:11:22.781Z] >>> HTTP REQUEST POST https://cloudresourcemanager.googleapis.com/v1/projects/projetoteste-cd06d:testIamPermissions  

[debug] [2019-03-05T02:11:24.091Z] <<< HTTP RESPONSE 200
[debug] [2019-03-05T02:11:24.093Z] >>> HTTP REQUEST GET https://cloudresourcemanager.googleapis.com/v1/projects/projetoteste-cd06d  
 
[debug] [2019-03-05T02:11:25.046Z] <<< HTTP RESPONSE 200
[info] 
[info] === Serving from 'C:\Users\livia\Desktop\Projeto - FutScore Bet\futscorebet'...
[info] 
[debug] [2019-03-05T02:11:25.063Z] >>> HTTP REQUEST GET https://mobilesdk-pa.googleapis.com/v1/projects/840611139193/clients/_:getWebAppConfig  
 
[debug] [2019-03-05T02:11:26.546Z] <<< HTTP RESPONSE 200
[info] i  hosting: Serving hosting files from: public
[info] +  hosting: Local server: http://localhost:5000
[debug] [2019-03-08T01:27:17.949Z] ----------------------------------------------------------------------
[debug] [2019-03-08T01:27:17.967Z] Command:       C:\Program Files\nodejs\node.exe C:\Users\livia\AppData\Roaming\npm\node_modules\firebase-tools\lib\bin\firebase.js serve
[debug] [2019-03-08T01:27:17.969Z] CLI Version:   6.4.0
[debug] [2019-03-08T01:27:17.969Z] Platform:      win32
[debug] [2019-03-08T01:27:17.969Z] Node Version:  v11.4.0
[debug] [2019-03-08T01:27:17.980Z] Time:          Thu Mar 07 2019 22:27:17 GMT-0300 (GMT-03:00)
[debug] [2019-03-08T01:27:17.980Z] ----------------------------------------------------------------------
[debug] 
[debug] [2019-03-08T01:27:18.207Z] > command requires scopes: ["email","openid","https://www.googleapis.com/auth/cloudplatformprojects.readonly","https://www.googleapis.com/auth/firebase","https://www.googleapis.com/auth/cloud-platform"]
[debug] [2019-03-08T01:27:18.209Z] > authorizing via signed-in user
[debug] [2019-03-08T01:27:18.210Z] [iam] checking project projetoteste-cd06d for permissions ["firebase.projects.get"]
[debug] [2019-03-08T01:27:18.225Z] > refreshing access token with scopes: ["email","https://www.googleapis.com/auth/cloud-platform","https://www.googleapis.com/auth/cloudplatformprojects.readonly","https://www.googleapis.com/auth/firebase","openid"]
[debug] [2019-03-08T01:27:18.227Z] >>> HTTP REQUEST POST https://www.googleapis.com/oauth2/v3/token  
 <request body omitted>
[debug] [2019-03-08T01:27:18.605Z] <<< HTTP RESPONSE 200
[debug] [2019-03-08T01:27:18.661Z] >>> HTTP REQUEST POST https://cloudresourcemanager.googleapis.com/v1/projects/projetoteste-cd06d:testIamPermissions  

[debug] [2019-03-08T01:27:19.763Z] <<< HTTP RESPONSE 200
[debug] [2019-03-08T01:27:19.764Z] >>> HTTP REQUEST GET https://cloudresourcemanager.googleapis.com/v1/projects/projetoteste-cd06d  
 
[debug] [2019-03-08T01:27:20.812Z] <<< HTTP RESPONSE 200
[info] 
[info] === Serving from 'C:\Users\livia\Desktop\Projeto - FutScore Bet\futscorebet'...
[info] 
[debug] [2019-03-08T01:27:20.911Z] >>> HTTP REQUEST GET https://mobilesdk-pa.googleapis.com/v1/projects/840611139193/clients/_:getWebAppConfig  
 
[debug] [2019-03-08T01:27:22.374Z] <<< HTTP RESPONSE 200
[info] i  hosting: Serving hosting files from: public
[info] +  hosting: Local server: http://localhost:5000
[debug] [2019-03-09T00:48:48.868Z] ----------------------------------------------------------------------
[debug] [2019-03-09T00:48:48.887Z] Command:       C:\Program Files\nodejs\node.exe C:\Users\livia\AppData\Roaming\npm\node_modules\firebase-tools\lib\bin\firebase.js serve
[debug] [2019-03-09T00:48:48.888Z] CLI Version:   6.4.0
[debug] [2019-03-09T00:48:48.888Z] Platform:      win32
[debug] [2019-03-09T00:48:48.888Z] Node Version:  v11.4.0
[debug] [2019-03-09T00:48:49.036Z] Time:          Fri Mar 08 2019 21:48:48 GMT-0300 (GMT-03:00)
[debug] [2019-03-09T00:48:49.037Z] ----------------------------------------------------------------------
[debug] 
[debug] [2019-03-09T00:48:49.127Z] > command requires scopes: ["email","openid","https://www.googleapis.com/auth/cloudplatformprojects.readonly","https://www.googleapis.com/auth/firebase","https://www.googleapis.com/auth/cloud-platform"]
[debug] [2019-03-09T00:48:49.128Z] > authorizing via signed-in user
[debug] [2019-03-09T00:48:49.129Z] [iam] checking project projetoteste-cd06d for permissions ["firebase.projects.get"]
[debug] [2019-03-09T00:48:49.134Z] > refreshing access token with scopes: ["email","https://www.googleapis.com/auth/cloud-platform","https://www.googleapis.com/auth/cloudplatformprojects.readonly","https://www.googleapis.com/auth/firebase","openid"]
[debug] [2019-03-09T00:48:49.135Z] >>> HTTP REQUEST POST https://www.googleapis.com/oauth2/v3/token  
 <request body omitted>
[debug] [2019-03-09T00:48:50.098Z] <<< HTTP RESPONSE 200
[debug] [2019-03-09T00:48:50.123Z] >>> HTTP REQUEST POST https://cloudresourcemanager.googleapis.com/v1/projects/projetoteste-cd06d:testIamPermissions  

[debug] [2019-03-09T00:48:51.162Z] <<< HTTP RESPONSE 200
[debug] [2019-03-09T00:48:51.165Z] >>> HTTP REQUEST GET https://cloudresourcemanager.googleapis.com/v1/projects/projetoteste-cd06d  
 
[debug] [2019-03-09T00:48:52.121Z] <<< HTTP RESPONSE 200
[info] 
[info] === Serving from 'C:\Users\livia\Desktop\Projeto - FutScore Bet\futscorebet'...
[info] 
[debug] [2019-03-09T00:48:52.138Z] >>> HTTP REQUEST GET https://mobilesdk-pa.googleapis.com/v1/projects/840611139193/clients/_:getWebAppConfig  
 
[debug] [2019-03-09T00:48:52.899Z] <<< HTTP RESPONSE 200
[info] i  hosting: Serving hosting files from: public
[info] +  hosting: Local server: http://localhost:5000
[debug] [2019-03-11T22:40:57.108Z] ----------------------------------------------------------------------
[debug] [2019-03-11T22:40:57.116Z] Command:       C:\Program Files\nodejs\node.exe C:\Users\livia\AppData\Roaming\npm\node_modules\firebase-tools\lib\bin\firebase.js serve
[debug] [2019-03-11T22:40:57.116Z] CLI Version:   6.4.0
[debug] [2019-03-11T22:40:57.116Z] Platform:      win32
[debug] [2019-03-11T22:40:57.116Z] Node Version:  v11.4.0
[debug] [2019-03-11T22:40:57.224Z] Time:          Mon Mar 11 2019 19:40:57 GMT-0300 (GMT-03:00)
[debug] [2019-03-11T22:40:57.224Z] ----------------------------------------------------------------------
[debug] 
[debug] [2019-03-11T22:40:57.316Z] > command requires scopes: ["email","openid","https://www.googleapis.com/auth/cloudplatformprojects.readonly","https://www.googleapis.com/auth/firebase","https://www.googleapis.com/auth/cloud-platform"]
[debug] [2019-03-11T22:40:57.317Z] > authorizing via signed-in user
[debug] [2019-03-11T22:40:57.317Z] [iam] checking project projetoteste-cd06d for permissions ["firebase.projects.get"]
[debug] [2019-03-11T22:40:57.322Z] > refreshing access token with scopes: ["email","https://www.googleapis.com/auth/cloud-platform","https://www.googleapis.com/auth/cloudplatformprojects.readonly","https://www.googleapis.com/auth/firebase","openid"]
[debug] [2019-03-11T22:40:57.323Z] >>> HTTP REQUEST POST https://www.googleapis.com/oauth2/v3/token  
 <request body omitted>
[debug] [2019-03-11T22:40:57.865Z] <<< HTTP RESPONSE 200
[debug] [2019-03-11T22:40:57.913Z] >>> HTTP REQUEST POST https://cloudresourcemanager.googleapis.com/v1/projects/projetoteste-cd06d:testIamPermissions  

[debug] [2019-03-11T22:40:58.997Z] <<< HTTP RESPONSE 200
[debug] [2019-03-11T22:40:59.002Z] >>> HTTP REQUEST GET https://cloudresourcemanager.googleapis.com/v1/projects/projetoteste-cd06d  
 
[debug] [2019-03-11T22:40:59.945Z] <<< HTTP RESPONSE 200
[info] 
[info] === Serving from 'C:\Users\livia\Desktop\Projeto - FutScore Bet\futscorebet'...
[info] 
[debug] [2019-03-11T22:41:00.020Z] >>> HTTP REQUEST GET https://mobilesdk-pa.googleapis.com/v1/projects/840611139193/clients/_:getWebAppConfig  
 
[debug] [2019-03-11T22:41:00.649Z] <<< HTTP RESPONSE 200
[info] i  hosting: Serving hosting files from: public
[info] +  hosting: Local server: http://localhost:5000
[debug] [2019-03-13T21:52:24.180Z] ----------------------------------------------------------------------
[debug] [2019-03-13T21:52:24.184Z] Command:       C:\Program Files\nodejs\node.exe C:\Users\livia\AppData\Roaming\npm\node_modules\firebase-tools\lib\bin\firebase.js serve
[debug] [2019-03-13T21:52:24.184Z] CLI Version:   6.4.0
[debug] [2019-03-13T21:52:24.184Z] Platform:      win32
[debug] [2019-03-13T21:52:24.184Z] Node Version:  v11.4.0
[debug] [2019-03-13T21:52:24.187Z] Time:          Wed Mar 13 2019 18:52:24 GMT-0300 (GMT-03:00)
[debug] [2019-03-13T21:52:24.187Z] ----------------------------------------------------------------------
[debug] 
[debug] [2019-03-13T21:52:24.274Z] > command requires scopes: ["email","openid","https://www.googleapis.com/auth/cloudplatformprojects.readonly","https://www.googleapis.com/auth/firebase","https://www.googleapis.com/auth/cloud-platform"]
[debug] [2019-03-13T21:52:24.275Z] > authorizing via signed-in user
[debug] [2019-03-13T21:52:24.275Z] [iam] checking project projetoteste-cd06d for permissions ["firebase.projects.get"]
[debug] [2019-03-13T21:52:24.279Z] > refreshing access token with scopes: ["email","https://www.googleapis.com/auth/cloud-platform","https://www.googleapis.com/auth/cloudplatformprojects.readonly","https://www.googleapis.com/auth/firebase","openid"]
[debug] [2019-03-13T21:52:24.279Z] >>> HTTP REQUEST POST https://www.googleapis.com/oauth2/v3/token  
 <request body omitted>
[debug] [2019-03-13T21:52:24.552Z] <<< HTTP RESPONSE 200
[debug] [2019-03-13T21:52:24.589Z] >>> HTTP REQUEST POST https://cloudresourcemanager.googleapis.com/v1/projects/projetoteste-cd06d:testIamPermissions  

[debug] [2019-03-13T21:52:25.681Z] <<< HTTP RESPONSE 200
[debug] [2019-03-13T21:52:25.683Z] >>> HTTP REQUEST GET https://cloudresourcemanager.googleapis.com/v1/projects/projetoteste-cd06d  
 
[debug] [2019-03-13T21:52:26.643Z] <<< HTTP RESPONSE 200
[info] 
[info] === Serving from 'c:\Users\livia\Desktop\Projeto - FutScore Bet\futscorebet'...
[info] 
[debug] [2019-03-13T21:52:26.649Z] >>> HTTP REQUEST GET https://mobilesdk-pa.googleapis.com/v1/projects/840611139193/clients/_:getWebAppConfig  
 
[debug] [2019-03-13T21:52:27.259Z] <<< HTTP RESPONSE 200
[info] i  hosting: Serving hosting files from: public
[info] +  hosting: Local server: http://localhost:5000
[debug] [2019-03-18T13:21:50.260Z] ----------------------------------------------------------------------
[debug] [2019-03-18T13:21:50.264Z] Command:       C:\Program Files\nodejs\node.exe C:\Users\livia\AppData\Roaming\npm\node_modules\firebase-tools\lib\bin\firebase.js serve
[debug] [2019-03-18T13:21:50.264Z] CLI Version:   6.4.0
[debug] [2019-03-18T13:21:50.264Z] Platform:      win32
[debug] [2019-03-18T13:21:50.264Z] Node Version:  v11.4.0
[debug] [2019-03-18T13:21:50.267Z] Time:          Mon Mar 18 2019 10:21:50 GMT-0300 (GMT-03:00)
[debug] [2019-03-18T13:21:50.267Z] ----------------------------------------------------------------------
[debug] 
[debug] [2019-03-18T13:21:50.288Z] > command requires scopes: ["email","openid","https://www.googleapis.com/auth/cloudplatformprojects.readonly","https://www.googleapis.com/auth/firebase","https://www.googleapis.com/auth/cloud-platform"]
[debug] [2019-03-18T13:21:50.289Z] > authorizing via signed-in user
[debug] [2019-03-18T13:21:50.289Z] [iam] checking project projetoteste-cd06d for permissions ["firebase.projects.get"]
[debug] [2019-03-18T13:21:50.291Z] > refreshing access token with scopes: ["email","https://www.googleapis.com/auth/cloud-platform","https://www.googleapis.com/auth/cloudplatformprojects.readonly","https://www.googleapis.com/auth/firebase","openid"]
[debug] [2019-03-18T13:21:50.292Z] >>> HTTP REQUEST POST https://www.googleapis.com/oauth2/v3/token  
 <request body omitted>
[debug] [2019-03-18T13:21:50.683Z] <<< HTTP RESPONSE 200
[debug] [2019-03-18T13:21:50.729Z] >>> HTTP REQUEST POST https://cloudresourcemanager.googleapis.com/v1/projects/projetoteste-cd06d:testIamPermissions  

[debug] [2019-03-18T13:21:51.908Z] <<< HTTP RESPONSE 200
[debug] [2019-03-18T13:21:51.910Z] >>> HTTP REQUEST GET https://cloudresourcemanager.googleapis.com/v1/projects/projetoteste-cd06d  
 
[debug] [2019-03-18T13:21:52.929Z] <<< HTTP RESPONSE 200
[info] 
[info] === Serving from 'C:\Users\livia\Desktop\Projeto - FutScore Bet\futscorebet'...
[info] 
[debug] [2019-03-18T13:21:52.945Z] >>> HTTP REQUEST GET https://mobilesdk-pa.googleapis.com/v1/projects/840611139193/clients/_:getWebAppConfig  
 
[debug] [2019-03-18T13:21:53.586Z] <<< HTTP RESPONSE 200
[info] i  hosting: Serving hosting files from: public
[info] +  hosting: Local server: http://localhost:5000
[debug] [2019-03-19T22:54:32.335Z] ----------------------------------------------------------------------
[debug] [2019-03-19T22:54:32.361Z] Command:       C:\Program Files\nodejs\node.exe C:\Users\livia\AppData\Roaming\npm\node_modules\firebase-tools\lib\bin\firebase.js serve
[debug] [2019-03-19T22:54:32.361Z] CLI Version:   6.4.0
[debug] [2019-03-19T22:54:32.361Z] Platform:      win32
[debug] [2019-03-19T22:54:32.361Z] Node Version:  v11.4.0
[debug] [2019-03-19T22:54:32.448Z] Time:          Tue Mar 19 2019 19:54:32 GMT-0300 (GMT-03:00)
[debug] [2019-03-19T22:54:32.448Z] ----------------------------------------------------------------------
[debug] 
[debug] [2019-03-19T22:54:32.526Z] > command requires scopes: ["email","openid","https://www.googleapis.com/auth/cloudplatformprojects.readonly","https://www.googleapis.com/auth/firebase","https://www.googleapis.com/auth/cloud-platform"]
[debug] [2019-03-19T22:54:32.526Z] > authorizing via signed-in user
[debug] [2019-03-19T22:54:32.526Z] [iam] checking project projetoteste-cd06d for permissions ["firebase.projects.get"]
[debug] [2019-03-19T22:54:32.529Z] > refreshing access token with scopes: ["email","https://www.googleapis.com/auth/cloud-platform","https://www.googleapis.com/auth/cloudplatformprojects.readonly","https://www.googleapis.com/auth/firebase","openid"]
[debug] [2019-03-19T22:54:32.530Z] >>> HTTP REQUEST POST https://www.googleapis.com/oauth2/v3/token  
 <request body omitted>
[debug] [2019-03-19T22:54:32.882Z] <<< HTTP RESPONSE 200
[debug] [2019-03-19T22:54:32.949Z] >>> HTTP REQUEST POST https://cloudresourcemanager.googleapis.com/v1/projects/projetoteste-cd06d:testIamPermissions  

[debug] [2019-03-19T22:54:34.030Z] <<< HTTP RESPONSE 200
[debug] [2019-03-19T22:54:34.034Z] >>> HTTP REQUEST GET https://cloudresourcemanager.googleapis.com/v1/projects/projetoteste-cd06d  
 
[debug] [2019-03-19T22:54:34.980Z] <<< HTTP RESPONSE 200
[info] 
[info] === Serving from 'C:\Users\livia\Desktop\Projeto - FutScore Bet\futscorebet'...
[info] 
[debug] [2019-03-19T22:54:35.050Z] >>> HTTP REQUEST GET https://mobilesdk-pa.googleapis.com/v1/projects/840611139193/clients/_:getWebAppConfig  
 
[debug] [2019-03-19T22:54:35.673Z] <<< HTTP RESPONSE 200
[info] i  hosting: Serving hosting files from: public
[info] +  hosting: Local server: http://localhost:5000
[debug] [2019-03-20T00:56:35.810Z] ----------------------------------------------------------------------
[debug] [2019-03-20T00:56:35.813Z] Command:       C:\Program Files\nodejs\node.exe C:\Users\livia\AppData\Roaming\npm\node_modules\firebase-tools\lib\bin\firebase.js serve
[debug] [2019-03-20T00:56:35.814Z] CLI Version:   6.4.0
[debug] [2019-03-20T00:56:35.814Z] Platform:      win32
[debug] [2019-03-20T00:56:35.814Z] Node Version:  v11.4.0
[debug] [2019-03-20T00:56:35.951Z] Time:          Tue Mar 19 2019 21:56:35 GMT-0300 (GMT-03:00)
[debug] [2019-03-20T00:56:35.952Z] ----------------------------------------------------------------------
[debug] 
[debug] [2019-03-20T00:56:36.014Z] > command requires scopes: ["email","openid","https://www.googleapis.com/auth/cloudplatformprojects.readonly","https://www.googleapis.com/auth/firebase","https://www.googleapis.com/auth/cloud-platform"]
[debug] [2019-03-20T00:56:36.015Z] > authorizing via signed-in user
[debug] [2019-03-20T00:56:36.016Z] [iam] checking project projetoteste-cd06d for permissions ["firebase.projects.get"]
[debug] [2019-03-20T00:56:36.020Z] > refreshing access token with scopes: ["email","https://www.googleapis.com/auth/cloud-platform","https://www.googleapis.com/auth/cloudplatformprojects.readonly","https://www.googleapis.com/auth/firebase","openid"]
[debug] [2019-03-20T00:56:36.021Z] >>> HTTP REQUEST POST https://www.googleapis.com/oauth2/v3/token  
 <request body omitted>
[debug] [2019-03-20T00:56:36.760Z] <<< HTTP RESPONSE 200
[debug] [2019-03-20T00:56:36.788Z] >>> HTTP REQUEST POST https://cloudresourcemanager.googleapis.com/v1/projects/projetoteste-cd06d:testIamPermissions  

[debug] [2019-03-20T00:56:37.935Z] <<< HTTP RESPONSE 200
[debug] [2019-03-20T00:56:37.939Z] >>> HTTP REQUEST GET https://cloudresourcemanager.googleapis.com/v1/projects/projetoteste-cd06d  
 
[debug] [2019-03-20T00:56:38.876Z] <<< HTTP RESPONSE 200
[info] 
[info] === Serving from 'c:\Users\livia\Desktop\Projeto - FutScore Bet\futscorebet'...
[info] 
[debug] [2019-03-20T00:56:38.889Z] >>> HTTP REQUEST GET https://mobilesdk-pa.googleapis.com/v1/projects/840611139193/clients/_:getWebAppConfig  
 
[debug] [2019-03-20T00:56:39.575Z] <<< HTTP RESPONSE 200
[info] i  hosting: Serving hosting files from: public
[info] +  hosting: Local server: http://localhost:5000
[debug] [2019-03-20T13:32:14.297Z] ----------------------------------------------------------------------
[debug] [2019-03-20T13:32:14.303Z] Command:       C:\Program Files\nodejs\node.exe C:\Users\livia\AppData\Roaming\npm\node_modules\firebase-tools\lib\bin\firebase.js serve
[debug] [2019-03-20T13:32:14.305Z] CLI Version:   6.4.0
[debug] [2019-03-20T13:32:14.305Z] Platform:      win32
[debug] [2019-03-20T13:32:14.305Z] Node Version:  v11.4.0
[debug] [2019-03-20T13:32:14.309Z] Time:          Wed Mar 20 2019 10:32:14 GMT-0300 (GMT-03:00)
[debug] [2019-03-20T13:32:14.309Z] ----------------------------------------------------------------------
[debug] 
[debug] [2019-03-20T13:32:14.370Z] > command requires scopes: ["email","openid","https://www.googleapis.com/auth/cloudplatformprojects.readonly","https://www.googleapis.com/auth/firebase","https://www.googleapis.com/auth/cloud-platform"]
[debug] [2019-03-20T13:32:14.372Z] > authorizing via signed-in user
[debug] [2019-03-20T13:32:14.373Z] [iam] checking project projetoteste-cd06d for permissions ["firebase.projects.get"]
[debug] [2019-03-20T13:32:14.377Z] > refreshing access token with scopes: ["email","https://www.googleapis.com/auth/cloud-platform","https://www.googleapis.com/auth/cloudplatformprojects.readonly","https://www.googleapis.com/auth/firebase","openid"]
[debug] [2019-03-20T13:32:14.378Z] >>> HTTP REQUEST POST https://www.googleapis.com/oauth2/v3/token  
 <request body omitted>
[debug] [2019-03-20T13:32:14.821Z] <<< HTTP RESPONSE 200
[debug] [2019-03-20T13:32:14.862Z] >>> HTTP REQUEST POST https://cloudresourcemanager.googleapis.com/v1/projects/projetoteste-cd06d:testIamPermissions  

[debug] [2019-03-20T13:32:15.947Z] <<< HTTP RESPONSE 200
[debug] [2019-03-20T13:32:15.949Z] >>> HTTP REQUEST GET https://cloudresourcemanager.googleapis.com/v1/projects/projetoteste-cd06d  
 
[debug] [2019-03-20T13:32:16.887Z] <<< HTTP RESPONSE 200
[info] 
[info] === Serving from 'c:\Users\livia\Desktop\Projeto - FutScore Bet\futscorebet'...
[info] 
[debug] [2019-03-20T13:32:16.892Z] >>> HTTP REQUEST GET https://mobilesdk-pa.googleapis.com/v1/projects/840611139193/clients/_:getWebAppConfig  
 
[debug] [2019-03-20T13:32:17.427Z] <<< HTTP RESPONSE 200
[info] i  hosting: Serving hosting files from: public
[info] +  hosting: Local server: http://localhost:5000
[debug] [2019-03-20T16:32:51.854Z] ----------------------------------------------------------------------
[debug] [2019-03-20T16:32:52.023Z] Command:       C:\Program Files\nodejs\node.exe C:\Users\livia\AppData\Roaming\npm\node_modules\firebase-tools\lib\bin\firebase.js serve
[debug] [2019-03-20T16:32:52.024Z] CLI Version:   6.4.0
[debug] [2019-03-20T16:32:52.024Z] Platform:      win32
[debug] [2019-03-20T16:32:52.024Z] Node Version:  v11.4.0
[debug] [2019-03-20T16:32:53.271Z] Time:          Wed Mar 20 2019 13:32:52 GMT-0300 (GMT-03:00)
[debug] [2019-03-20T16:32:53.272Z] ----------------------------------------------------------------------
[debug] 
[debug] [2019-03-20T16:32:53.585Z] > command requires scopes: ["email","openid","https://www.googleapis.com/auth/cloudplatformprojects.readonly","https://www.googleapis.com/auth/firebase","https://www.googleapis.com/auth/cloud-platform"]
[debug] [2019-03-20T16:32:53.586Z] > authorizing via signed-in user
[debug] [2019-03-20T16:32:53.586Z] [iam] checking project projetoteste-cd06d for permissions ["firebase.projects.get"]
[debug] [2019-03-20T16:32:53.604Z] > refreshing access token with scopes: ["email","https://www.googleapis.com/auth/cloud-platform","https://www.googleapis.com/auth/cloudplatformprojects.readonly","https://www.googleapis.com/auth/firebase","openid"]
[debug] [2019-03-20T16:32:53.604Z] >>> HTTP REQUEST POST https://www.googleapis.com/oauth2/v3/token  
 <request body omitted>
[debug] [2019-03-20T16:32:58.948Z] <<< HTTP RESPONSE 200
[debug] [2019-03-20T16:32:59.148Z] >>> HTTP REQUEST POST https://cloudresourcemanager.googleapis.com/v1/projects/projetoteste-cd06d:testIamPermissions  

[debug] [2019-03-20T16:33:00.741Z] <<< HTTP RESPONSE 200
[debug] [2019-03-20T16:33:00.744Z] >>> HTTP REQUEST GET https://cloudresourcemanager.googleapis.com/v1/projects/projetoteste-cd06d  
 
[debug] [2019-03-20T16:33:01.727Z] <<< HTTP RESPONSE 200
[info] 
[info] === Serving from 'c:\Users\livia\Desktop\Projeto - FutScore Bet\futscorebet'...
[info] 
[debug] [2019-03-20T16:33:01.742Z] >>> HTTP REQUEST GET https://mobilesdk-pa.googleapis.com/v1/projects/840611139193/clients/_:getWebAppConfig  
 
[debug] [2019-03-20T16:33:02.306Z] <<< HTTP RESPONSE 200
[info] i  hosting: Serving hosting files from: public
[info] +  hosting: Local server: http://localhost:5000
[debug] [2019-03-21T09:28:13.909Z] ----------------------------------------------------------------------
[debug] [2019-03-21T09:28:13.929Z] Command:       C:\Program Files\nodejs\node.exe C:\Users\livia\AppData\Roaming\npm\node_modules\firebase-tools\lib\bin\firebase.js serve
[debug] [2019-03-21T09:28:13.930Z] CLI Version:   6.4.0
[debug] [2019-03-21T09:28:13.930Z] Platform:      win32
[debug] [2019-03-21T09:28:13.930Z] Node Version:  v11.4.0
[debug] [2019-03-21T09:28:14.052Z] Time:          Thu Mar 21 2019 06:28:13 GMT-0300 (GMT-03:00)
[debug] [2019-03-21T09:28:14.052Z] ----------------------------------------------------------------------
[debug] 
[debug] [2019-03-21T09:28:14.147Z] > command requires scopes: ["email","openid","https://www.googleapis.com/auth/cloudplatformprojects.readonly","https://www.googleapis.com/auth/firebase","https://www.googleapis.com/auth/cloud-platform"]
[debug] [2019-03-21T09:28:14.148Z] > authorizing via signed-in user
[debug] [2019-03-21T09:28:14.149Z] [iam] checking project projetoteste-cd06d for permissions ["firebase.projects.get"]
[debug] [2019-03-21T09:28:14.155Z] > refreshing access token with scopes: ["email","https://www.googleapis.com/auth/cloud-platform","https://www.googleapis.com/auth/cloudplatformprojects.readonly","https://www.googleapis.com/auth/firebase","openid"]
[debug] [2019-03-21T09:28:14.155Z] >>> HTTP REQUEST POST https://www.googleapis.com/oauth2/v3/token  
 <request body omitted>
[debug] [2019-03-21T09:28:14.506Z] <<< HTTP RESPONSE 200
[debug] [2019-03-21T09:28:14.711Z] >>> HTTP REQUEST POST https://cloudresourcemanager.googleapis.com/v1/projects/projetoteste-cd06d:testIamPermissions  

[debug] [2019-03-21T09:28:15.818Z] <<< HTTP RESPONSE 200
[debug] [2019-03-21T09:28:15.822Z] >>> HTTP REQUEST GET https://cloudresourcemanager.googleapis.com/v1/projects/projetoteste-cd06d  
 
[debug] [2019-03-21T09:28:16.788Z] <<< HTTP RESPONSE 200
[info] 
[info] === Serving from 'c:\Users\livia\Desktop\Projeto - FutScore Bet\futscorebet'...
[info] 
[debug] [2019-03-21T09:28:16.823Z] >>> HTTP REQUEST GET https://mobilesdk-pa.googleapis.com/v1/projects/840611139193/clients/_:getWebAppConfig  
 
[debug] [2019-03-21T09:28:18.253Z] <<< HTTP RESPONSE 200
[info] i  hosting: Serving hosting files from: public
[info] +  hosting: Local server: http://localhost:5000
[debug] [2019-03-21T21:40:39.756Z] ----------------------------------------------------------------------
[debug] [2019-03-21T21:40:39.869Z] Command:       C:\Program Files\nodejs\node.exe C:\Users\livia\AppData\Roaming\npm\node_modules\firebase-tools\lib\bin\firebase.js serve
[debug] [2019-03-21T21:40:39.870Z] CLI Version:   6.4.0
[debug] [2019-03-21T21:40:39.870Z] Platform:      win32
[debug] [2019-03-21T21:40:39.870Z] Node Version:  v11.4.0
[debug] [2019-03-21T21:40:40.399Z] Time:          Thu Mar 21 2019 18:40:39 GMT-0300 (GMT-03:00)
[debug] [2019-03-21T21:40:40.399Z] ----------------------------------------------------------------------
[debug] 
[debug] [2019-03-21T21:40:40.602Z] > command requires scopes: ["email","openid","https://www.googleapis.com/auth/cloudplatformprojects.readonly","https://www.googleapis.com/auth/firebase","https://www.googleapis.com/auth/cloud-platform"]
[debug] [2019-03-21T21:40:40.603Z] > authorizing via signed-in user
[debug] [2019-03-21T21:40:40.603Z] [iam] checking project projetoteste-cd06d for permissions ["firebase.projects.get"]
[debug] [2019-03-21T21:40:40.607Z] > refreshing access token with scopes: ["email","https://www.googleapis.com/auth/cloud-platform","https://www.googleapis.com/auth/cloudplatformprojects.readonly","https://www.googleapis.com/auth/firebase","openid"]
[debug] [2019-03-21T21:40:40.608Z] >>> HTTP REQUEST POST https://www.googleapis.com/oauth2/v3/token  
 <request body omitted>
[debug] [2019-03-21T21:40:42.113Z] <<< HTTP RESPONSE 200
[debug] [2019-03-21T21:40:42.219Z] >>> HTTP REQUEST POST https://cloudresourcemanager.googleapis.com/v1/projects/projetoteste-cd06d:testIamPermissions  

[debug] [2019-03-21T21:40:43.280Z] <<< HTTP RESPONSE 200
[debug] [2019-03-21T21:40:43.283Z] >>> HTTP REQUEST GET https://cloudresourcemanager.googleapis.com/v1/projects/projetoteste-cd06d  
 
[debug] [2019-03-21T21:40:44.233Z] <<< HTTP RESPONSE 200
[info] 
[info] === Serving from 'c:\Users\livia\Desktop\Projeto - FutScore Bet\futscorebet'...
[info] 
[debug] [2019-03-21T21:40:44.253Z] >>> HTTP REQUEST GET https://mobilesdk-pa.googleapis.com/v1/projects/840611139193/clients/_:getWebAppConfig  
 
[debug] [2019-03-21T21:40:44.835Z] <<< HTTP RESPONSE 200
[info] i  hosting: Serving hosting files from: public
[info] +  hosting: Local server: http://localhost:5000
[debug] [2019-03-24T01:02:18.235Z] ----------------------------------------------------------------------
[debug] [2019-03-24T01:02:18.245Z] Command:       C:\Program Files\nodejs\node.exe C:\Users\livia\AppData\Roaming\npm\node_modules\firebase-tools\lib\bin\firebase.js serve
[debug] [2019-03-24T01:02:18.245Z] CLI Version:   6.4.0
[debug] [2019-03-24T01:02:18.246Z] Platform:      win32
[debug] [2019-03-24T01:02:18.246Z] Node Version:  v11.4.0
[debug] [2019-03-24T01:02:18.265Z] Time:          Sat Mar 23 2019 22:02:18 GMT-0300 (GMT-03:00)
[debug] [2019-03-24T01:02:18.266Z] ----------------------------------------------------------------------
[debug] 
[debug] [2019-03-24T01:02:18.335Z] > command requires scopes: ["email","openid","https://www.googleapis.com/auth/cloudplatformprojects.readonly","https://www.googleapis.com/auth/firebase","https://www.googleapis.com/auth/cloud-platform"]
[debug] [2019-03-24T01:02:18.337Z] > authorizing via signed-in user
[debug] [2019-03-24T01:02:18.337Z] [iam] checking project projetoteste-cd06d for permissions ["firebase.projects.get"]
[debug] [2019-03-24T01:02:18.344Z] > refreshing access token with scopes: ["email","https://www.googleapis.com/auth/cloud-platform","https://www.googleapis.com/auth/cloudplatformprojects.readonly","https://www.googleapis.com/auth/firebase","openid"]
[debug] [2019-03-24T01:02:18.345Z] >>> HTTP REQUEST POST https://www.googleapis.com/oauth2/v3/token  
 <request body omitted>
[debug] [2019-03-24T01:02:18.682Z] <<< HTTP RESPONSE 200
[debug] [2019-03-24T01:02:18.771Z] >>> HTTP REQUEST POST https://cloudresourcemanager.googleapis.com/v1/projects/projetoteste-cd06d:testIamPermissions  

[debug] [2019-03-24T01:02:19.893Z] <<< HTTP RESPONSE 200
[debug] [2019-03-24T01:02:19.896Z] >>> HTTP REQUEST GET https://cloudresourcemanager.googleapis.com/v1/projects/projetoteste-cd06d  
 
[debug] [2019-03-24T01:02:20.864Z] <<< HTTP RESPONSE 200
[info] 
[info] === Serving from 'c:\Users\livia\Desktop\Projeto - FutScore Bet\futscorebet'...
[info] 
[debug] [2019-03-24T01:02:20.868Z] >>> HTTP REQUEST GET https://mobilesdk-pa.googleapis.com/v1/projects/840611139193/clients/_:getWebAppConfig  
 
[debug] [2019-03-24T01:02:21.376Z] <<< HTTP RESPONSE 200
[info] i  hosting: Serving hosting files from: public
[info] +  hosting: Local server: http://localhost:5000
